{"C:\\Users\\User\\Desktop\\Calculadora-completa\\js\\adicionar.js": {"path":"C:\\Users\\User\\Desktop\\Calculadora-completa\\js\\adicionar.js","statementMap":{"0":{"start":{"line":2,"column":16},"end":{"line":2,"column":48}},"1":{"start":{"line":3,"column":2},"end":{"line":3,"column":24}},"2":{"start":{"line":6,"column":0},"end":{"line":6,"column":37}}},"fnMap":{"0":{"name":"adicionarNumero","decl":{"start":{"line":1,"column":9},"end":{"line":1,"column":24}},"loc":{"start":{"line":1,"column":33},"end":{"line":4,"column":1}},"line":1}},"branchMap":{},"s":{"0":4,"1":4,"2":1},"f":{"0":4},"b":{},"_coverageSchema":"1a1c01bbd47fc00a2c39e90264f33305004495a9","hash":"67143ea3b0495712ebce282cbdabf8c3ef9d10fa"}
,"C:\\Users\\User\\Desktop\\Calculadora-completa\\js\\calcular.js": {"path":"C:\\Users\\User\\Desktop\\Calculadora-completa\\js\\calcular.js","statementMap":{"0":{"start":{"line":1,"column":15},"end":{"line":1,"column":17}},"1":{"start":{"line":2,"column":13},"end":{"line":2,"column":15}},"2":{"start":{"line":3,"column":13},"end":{"line":3,"column":15}},"3":{"start":{"line":6,"column":4},"end":{"line":6,"column":53}},"4":{"start":{"line":10,"column":4},"end":{"line":10,"column":52}},"5":{"start":{"line":11,"column":4},"end":{"line":11,"column":18}},"6":{"start":{"line":12,"column":4},"end":{"line":12,"column":48}},"7":{"start":{"line":16,"column":4},"end":{"line":16,"column":52}},"8":{"start":{"line":18,"column":4},"end":{"line":33,"column":5}},"9":{"start":{"line":20,"column":12},"end":{"line":20,"column":64}},"10":{"start":{"line":21,"column":12},"end":{"line":21,"column":18}},"11":{"start":{"line":23,"column":12},"end":{"line":23,"column":64}},"12":{"start":{"line":24,"column":12},"end":{"line":24,"column":18}},"13":{"start":{"line":26,"column":12},"end":{"line":26,"column":64}},"14":{"start":{"line":27,"column":12},"end":{"line":27,"column":18}},"15":{"start":{"line":29,"column":12},"end":{"line":29,"column":64}},"16":{"start":{"line":30,"column":12},"end":{"line":30,"column":18}},"17":{"start":{"line":32,"column":12},"end":{"line":32,"column":31}},"18":{"start":{"line":34,"column":4},"end":{"line":34,"column":55}},"19":{"start":{"line":38,"column":4},"end":{"line":38,"column":48}},"20":{"start":{"line":39,"column":4},"end":{"line":39,"column":16}},"21":{"start":{"line":40,"column":4},"end":{"line":40,"column":16}},"22":{"start":{"line":41,"column":4},"end":{"line":41,"column":18}},"23":{"start":{"line":44,"column":0},"end":{"line":44,"column":88}}},"fnMap":{"0":{"name":"adicionarNumero","decl":{"start":{"line":5,"column":9},"end":{"line":5,"column":24}},"loc":{"start":{"line":5,"column":33},"end":{"line":7,"column":1}},"line":5},"1":{"name":"definirOperacao","decl":{"start":{"line":9,"column":9},"end":{"line":9,"column":24}},"loc":{"start":{"line":9,"column":29},"end":{"line":13,"column":1}},"line":9},"2":{"name":"calcularResultado","decl":{"start":{"line":15,"column":9},"end":{"line":15,"column":26}},"loc":{"start":{"line":15,"column":29},"end":{"line":35,"column":1}},"line":15},"3":{"name":"limparDisplay","decl":{"start":{"line":37,"column":9},"end":{"line":37,"column":22}},"loc":{"start":{"line":37,"column":25},"end":{"line":42,"column":1}},"line":37}},"branchMap":{"0":{"loc":{"start":{"line":18,"column":4},"end":{"line":33,"column":5}},"type":"switch","locations":[{"start":{"line":19,"column":8},"end":{"line":21,"column":18}},{"start":{"line":22,"column":8},"end":{"line":24,"column":18}},{"start":{"line":25,"column":8},"end":{"line":27,"column":18}},{"start":{"line":28,"column":8},"end":{"line":30,"column":18}},{"start":{"line":31,"column":8},"end":{"line":32,"column":31}}],"line":18}},"s":{"0":1,"1":1,"2":1,"3":0,"4":6,"5":6,"6":6,"7":5,"8":5,"9":1,"10":1,"11":1,"12":1,"13":1,"14":1,"15":1,"16":1,"17":1,"18":5,"19":1,"20":1,"21":1,"22":1,"23":1},"f":{"0":0,"1":6,"2":5,"3":1},"b":{"0":[1,1,1,1,1]},"_coverageSchema":"1a1c01bbd47fc00a2c39e90264f33305004495a9","hash":"061064f4422b587bba3c7585c85b123a2a6729ef"}
,"C:\\Users\\User\\Desktop\\Calculadora-completa\\js\\calcularresultado.js": {"path":"C:\\Users\\User\\Desktop\\Calculadora-completa\\js\\calcularresultado.js","statementMap":{"0":{"start":{"line":4,"column":4},"end":{"line":23,"column":5}},"1":{"start":{"line":6,"column":12},"end":{"line":6,"column":64}},"2":{"start":{"line":7,"column":12},"end":{"line":7,"column":18}},"3":{"start":{"line":9,"column":12},"end":{"line":9,"column":64}},"4":{"start":{"line":10,"column":12},"end":{"line":10,"column":18}},"5":{"start":{"line":12,"column":12},"end":{"line":12,"column":64}},"6":{"start":{"line":13,"column":12},"end":{"line":13,"column":18}},"7":{"start":{"line":15,"column":12},"end":{"line":19,"column":13}},"8":{"start":{"line":16,"column":16},"end":{"line":16,"column":35}},"9":{"start":{"line":18,"column":16},"end":{"line":18,"column":68}},"10":{"start":{"line":20,"column":12},"end":{"line":20,"column":18}},"11":{"start":{"line":22,"column":12},"end":{"line":22,"column":31}},"12":{"start":{"line":24,"column":4},"end":{"line":24,"column":21}},"13":{"start":{"line":27,"column":0},"end":{"line":27,"column":39}}},"fnMap":{"0":{"name":"calcularResultado","decl":{"start":{"line":2,"column":9},"end":{"line":2,"column":26}},"loc":{"start":{"line":2,"column":53},"end":{"line":25,"column":1}},"line":2}},"branchMap":{"0":{"loc":{"start":{"line":4,"column":4},"end":{"line":23,"column":5}},"type":"switch","locations":[{"start":{"line":5,"column":8},"end":{"line":7,"column":18}},{"start":{"line":8,"column":8},"end":{"line":10,"column":18}},{"start":{"line":11,"column":8},"end":{"line":13,"column":18}},{"start":{"line":14,"column":8},"end":{"line":20,"column":18}},{"start":{"line":21,"column":8},"end":{"line":22,"column":31}}],"line":4},"1":{"loc":{"start":{"line":15,"column":12},"end":{"line":19,"column":13}},"type":"if","locations":[{"start":{"line":15,"column":12},"end":{"line":19,"column":13}},{"start":{"line":17,"column":19},"end":{"line":19,"column":13}}],"line":15}},"s":{"0":6,"1":1,"2":1,"3":1,"4":1,"5":1,"6":1,"7":2,"8":1,"9":1,"10":2,"11":1,"12":6,"13":1},"f":{"0":6},"b":{"0":[1,1,1,2,1],"1":[1,1]},"_coverageSchema":"1a1c01bbd47fc00a2c39e90264f33305004495a9","hash":"437e6535308507e8ef983a4a5b6930b108cb69ee"}
,"C:\\Users\\User\\Desktop\\Calculadora-completa\\js\\definiroperacao.js": {"path":"C:\\Users\\User\\Desktop\\Calculadora-completa\\js\\definiroperacao.js","statementMap":{"0":{"start":{"line":3,"column":17},"end":{"line":3,"column":27}},"1":{"start":{"line":4,"column":19},"end":{"line":4,"column":21}},"2":{"start":{"line":5,"column":4},"end":{"line":5,"column":32}},"3":{"start":{"line":8,"column":0},"end":{"line":8,"column":37}}},"fnMap":{"0":{"name":"definirOperacao","decl":{"start":{"line":2,"column":9},"end":{"line":2,"column":24}},"loc":{"start":{"line":2,"column":41},"end":{"line":6,"column":1}},"line":2}},"branchMap":{},"s":{"0":2,"1":2,"2":2,"3":1},"f":{"0":2},"b":{},"_coverageSchema":"1a1c01bbd47fc00a2c39e90264f33305004495a9","hash":"afe1c3f3f13645678fd2847d83fcaeaade7d24ac"}
,"C:\\Users\\User\\Desktop\\Calculadora-completa\\js\\limpardisplay.js": {"path":"C:\\Users\\User\\Desktop\\Calculadora-completa\\js\\limpardisplay.js","statementMap":{"0":{"start":{"line":2,"column":13},"end":{"line":2,"column":15}},"1":{"start":{"line":3,"column":13},"end":{"line":3,"column":15}},"2":{"start":{"line":4,"column":15},"end":{"line":4,"column":17}},"3":{"start":{"line":7,"column":4},"end":{"line":7,"column":16}},"4":{"start":{"line":8,"column":4},"end":{"line":8,"column":16}},"5":{"start":{"line":9,"column":4},"end":{"line":9,"column":18}},"6":{"start":{"line":10,"column":4},"end":{"line":10,"column":48}},"7":{"start":{"line":11,"column":4},"end":{"line":11,"column":40}},"8":{"start":{"line":14,"column":0},"end":{"line":14,"column":35}}},"fnMap":{"0":{"name":"limparDisplay","decl":{"start":{"line":6,"column":9},"end":{"line":6,"column":22}},"loc":{"start":{"line":6,"column":25},"end":{"line":12,"column":1}},"line":6}},"branchMap":{},"s":{"0":1,"1":1,"2":1,"3":1,"4":1,"5":1,"6":1,"7":1,"8":1},"f":{"0":1},"b":{},"_coverageSchema":"1a1c01bbd47fc00a2c39e90264f33305004495a9","hash":"b258a4b2a2ff88554b99eada950591d08a9deb11"}
}
