TN:
SF:js\adicionar.js
FN:1,adicionarNumero
FNF:1
FNH:1
FNDA:4,adicionarNumero
DA:2,4
DA:3,4
DA:6,1
LF:3
LH:3
BRF:0
BRH:0
end_of_record
TN:
SF:js\calcular.js
FN:5,adicionarNumero
FN:9,definirOperacao
FN:15,calcularResultado
FN:37,limparDisplay
FNF:4
FNH:4
FNDA:2,adicionarNumero
FNDA:6,definirOperacao
FNDA:5,calcularResultado
FNDA:1,limparDisplay
DA:1,1
DA:2,1
DA:3,1
DA:6,2
DA:10,6
DA:11,6
DA:12,6
DA:16,5
DA:18,5
DA:20,1
DA:21,1
DA:23,1
DA:24,1
DA:26,1
DA:27,1
DA:29,1
DA:30,1
DA:32,1
DA:34,5
DA:38,1
DA:39,1
DA:40,1
DA:41,1
DA:44,1
LF:24
LH:24
BRDA:18,0,0,1
BRDA:18,0,1,1
BRDA:18,0,2,1
BRDA:18,0,3,1
BRDA:18,0,4,1
BRF:5
BRH:5
end_of_record
TN:
SF:js\calcularresultado.js
FN:2,calcularResultado
FNF:1
FNH:1
FNDA:6,calcularResultado
DA:4,6
DA:6,1
DA:7,1
DA:9,1
DA:10,1
DA:12,1
DA:13,1
DA:15,2
DA:16,1
DA:18,1
DA:20,2
DA:22,1
DA:24,6
DA:27,1
LF:14
LH:14
BRDA:4,0,0,1
BRDA:4,0,1,1
BRDA:4,0,2,1
BRDA:4,0,3,2
BRDA:4,0,4,1
BRDA:15,1,0,1
BRDA:15,1,1,1
BRF:7
BRH:7
end_of_record
TN:
SF:js\definiroperacao.js
FN:2,definirOperacao
FNF:1
FNH:1
FNDA:2,definirOperacao
DA:3,2
DA:4,2
DA:5,2
DA:8,1
LF:4
LH:4
BRF:0
BRH:0
end_of_record
TN:
SF:js\limpardisplay.js
FN:6,limparDisplay
FNF:1
FNH:1
FNDA:1,limparDisplay
DA:2,1
DA:3,1
DA:4,1
DA:7,1
DA:8,1
DA:9,1
DA:10,1
DA:11,1
DA:14,1
LF:9
LH:9
BRF:0
BRH:0
end_of_record
