TN:
SF:js\calcular.js
FN:5,adicionarNumero
FN:9,definirOperacao
FN:15,calcularResultado
FN:37,limparDisplay
FNF:4
FNH:3
FNDA:0,adicionarNumero
FNDA:6,definirOperacao
FNDA:5,calcularResultado
FNDA:1,limparDisplay
DA:1,1
DA:2,1
DA:3,1
DA:6,0
DA:10,6
DA:11,6
DA:12,6
DA:16,5
DA:18,5
DA:20,1
DA:21,1
DA:23,1
DA:24,1
DA:26,1
DA:27,1
DA:29,1
DA:30,1
DA:32,1
DA:34,5
DA:38,1
DA:39,1
DA:40,1
DA:41,1
DA:44,1
LF:24
LH:23
BRDA:18,0,0,1
BRDA:18,0,1,1
BRDA:18,0,2,1
BRDA:18,0,3,1
BRDA:18,0,4,1
BRF:5
BRH:5
end_of_record
